[debug] [2022-05-15T04:01:17.595Z] ----------------------------------------------------------------------
[debug] [2022-05-15T04:01:17.599Z] Command:       C:\Program Files\nodejs\node.exe C:\Users\user\AppData\Roaming\npm\node_modules\firebase-tools\lib\bin\firebase.js init
[debug] [2022-05-15T04:01:17.599Z] CLI Version:   10.9.2
[debug] [2022-05-15T04:01:17.599Z] Platform:      win32
[debug] [2022-05-15T04:01:17.600Z] Node Version:  v14.17.0
[debug] [2022-05-15T04:01:17.612Z] Time:          Sun May 15 2022 09:31:17 GMT+0530 (India Standard Time)
[debug] [2022-05-15T04:01:17.612Z] ----------------------------------------------------------------------
[debug] 
[debug] [2022-05-15T04:01:17.618Z] >>> [apiv2][query] GET https://firebase-public.firebaseio.com/cli.json [none]
[debug] [2022-05-15T04:01:17.747Z] > command requires scopes: ["email","openid","https://www.googleapis.com/auth/cloudplatformprojects.readonly","https://www.googleapis.com/auth/firebase","https://www.googleapis.com/auth/cloud-platform"]
[debug] [2022-05-15T04:01:17.747Z] > authorizing via signed-in user (kalpanakathait11@gmail.com)
[info] 
     ######## #### ########  ######## ########     ###     ######  ########
     ##        ##  ##     ## ##       ##     ##  ##   ##  ##       ##
     ######    ##  ########  ######   ########  #########  ######  ######
     ##        ##  ##    ##  ##       ##     ## ##     ##       ## ##
     ##       #### ##     ## ######## ########  ##     ##  ######  ########

You're about to initialize a Firebase project in this directory:

  D:\reactapp\clone

Before we get started, keep in mind:

  * You are initializing within an existing Firebase project directory

